<?xml version="1.0" encoding="UTF-8"?>
<beans xmlns="http://www.springframework.org/schema/beans"
       xmlns:xsi="http://www.w3.org/2001/XMLSchema-instance"
       xmlns:context="http://www.springframework.org/schema/context" xmlns:tx="http://www.springframework.org/schema/tx"
       xsi:schemaLocation="http://www.springframework.org/schema/beans
        http://www.springframework.org/schema/beans/spring-beans.xsd
        http://www.springframework.org/schema/context
        http://www.springframework.org/schema/context/spring-context.xsd http://www.springframework.org/schema/tx http://www.springframework.org/schema/tx/spring-tx.xsd">

    <!--<context:annotation-config/>-->
    <!--<context:component-scan base-package="eionet.gdem" />-->

    <bean id="entityManagerFactory" class="org.springframework.orm.jpa.LocalContainerEntityManagerFactoryBean">
        <property name="dataSource" ref="dataSource"/>
        <property name="packagesToScan" value="eionet.gdem" />
        <property name="persistenceUnitName" value="CRM" />
        <property name="jpaVendorAdapter" ref="jpaVendorAdapter" />
        <property name="jpaProperties">
            <props>
                <prop key="hibernate.hbm2ddl.auto">update</prop>
            </props>
        </property>
        <!--<property name="loadTimeWeaver">
            <bean class="org.springframework.instrument.classloading.InstrumentationLoadTimeWeaver"/>
        </property>-->
    </bean>
    <bean id="jpaVendorAdapter" class="org.springframework.orm.jpa.vendor.HibernateJpaVendorAdapter" >
        <property name="showSql" value="true"/>
        <property name="generateDdl" value="false" />
        <property name="databasePlatform" value="org.hibernate.dialect.MySQL5InnoDBDialect" />
    </bean>

    <bean id="transactionManager" primary="false" class="org.springframework.orm.jpa.JpaTransactionManager" >
        <property name="entityManagerFactory" ref="entityManagerFactory"/>
        <!--<property name="dataSource" ref="dataSource"/>-->
    </bean>

    <tx:annotation-driven transaction-manager="transactionManager" />

</beans>