<?xml version="1.0" encoding="UTF-8"?>
<beans xmlns="http://www.springframework.org/schema/beans"
       xmlns:xsi="http://www.w3.org/2001/XMLSchema-instance"
       xmlns:context="http://www.springframework.org/schema/context"
       xmlns:tx="http://www.springframework.org/schema/tx"
       xsi:schemaLocation="
        http://www.springframework.org/schema/beans
        http://www.springframework.org/schema/beans/spring-beans.xsd
        http://www.springframework.org/schema/context
        http://www.springframework.org/schema/context/spring-context.xsd
        http://www.springframework.org/schema/tx
        http://www.springframework.org/schema/tx/spring-tx.xsd">

    <!-- Scans within the base package of the application for @Components to configure as beans -->
    <context:annotation-config/>
    <context:component-scan base-package="eionet.gdem" />

    <bean id="springApplicationContext" class="eionet.gdem.SpringApplicationContext"/>

    <bean name="databaseTester" class="org.dbunit.DataSourceDatabaseTester">
        <constructor-arg ref="transactionAwareDataSource" />
    </bean>

    <!-- Runs on Tomcat startup. -->
    <bean id="liquibase" class="liquibase.integration.spring.SpringLiquibase">
        <property name="dataSource" ref="transactionAwareDataSource" />
        <property name="changeLog" value="classpath:db/xmlconv-struct.xml" />
    </bean>

    <bean id="validator" class="org.springframework.validation.beanvalidation.LocalValidatorFactoryBean"/>

</beans>
